0 info it worked if it ends with ok
1 verbose cli [ 'C:\\Program Files\\nodejs\\node.exe',
1 verbose cli   'C:\\Users\\Mijailovic\\AppData\\Roaming\\npm\\node_modules\\npm\\bin\\npm-cli.js',
1 verbose cli   'run',
1 verbose cli   'built' ]
2 info using npm@6.14.5
3 info using node@v8.10.0
4 verbose stack Error: missing script: built
4 verbose stack
4 verbose stack Did you mean this?
4 verbose stack     build
4 verbose stack     at run (C:\Users\Mijailovic\AppData\Roaming\npm\node_modules\npm\lib\run-script.js:155:19)
4 verbose stack     at C:\Users\Mijailovic\AppData\Roaming\npm\node_modules\npm\lib\run-script.js:63:5
4 verbose stack     at C:\Users\Mijailovic\AppData\Roaming\npm\node_modules\npm\node_modules\read-package-json\read-json.js:116:5
4 verbose stack     at C:\Users\Mijailovic\AppData\Roaming\npm\node_modules\npm\node_modules\read-package-json\read-json.js:436:5
4 verbose stack     at checkBinReferences_ (C:\Users\Mijailovic\AppData\Roaming\npm\node_modules\npm\node_modules\read-package-json\read-json.js:391:45)
4 verbose stack     at final (C:\Users\Mijailovic\AppData\Roaming\npm\node_modules\npm\node_modules\read-package-json\read-json.js:434:3)
4 verbose stack     at then (C:\Users\Mijailovic\AppData\Roaming\npm\node_modules\npm\node_modules\read-package-json\read-json.js:161:5)
4 verbose stack     at C:\Users\Mijailovic\AppData\Roaming\npm\node_modules\npm\node_modules\read-package-json\read-json.js:382:12
4 verbose stack     at C:\Users\Mijailovic\AppData\Roaming\npm\node_modules\npm\node_modules\graceful-fs\graceful-fs.js:123:16
4 verbose stack     at FSReqWrap.readFileAfterClose [as oncomplete] (fs.js:511:3)
5 verbose cwd C:\Users\Mijailovic\Desktop\reactApp\reactApp\reactapp
6 verbose Windows_NT 10.0.18363
7 verbose argv "C:\\Program Files\\nodejs\\node.exe" "C:\\Users\\Mijailovic\\AppData\\Roaming\\npm\\node_modules\\npm\\bin\\npm-cli.js" "run" "built"
8 verbose node v8.10.0
9 verbose npm  v6.14.5
10 error missing script: built
10 error
10 error Did you mean this?
10 error     build
11 verbose exit [ 1, true ]
