0 info it worked if it ends with ok
1 verbose cli [ 'C:\\Program Files\\nodejs\\node.exe',
1 verbose cli   'C:\\Users\\Mijailovic\\AppData\\Roaming\\npm\\node_modules\\npm\\bin\\npm-cli.js',
1 verbose cli   'audit',
1 verbose cli   'fix' ]
2 info using npm@6.14.5
3 info using node@v8.10.0
4 verbose npm-session 45e749127f9beb65
5 verbose stack Error: Neither npm-shrinkwrap.json nor package-lock.json found: Cannot audit a project without a lockfile
5 verbose stack     at Bluebird.all.spread (C:\Users\Mijailovic\AppData\Roaming\npm\node_modules\npm\lib\audit.js:169:19)
5 verbose stack     at tryCatcher (C:\Users\Mijailovic\AppData\Roaming\npm\node_modules\npm\node_modules\bluebird\js\release\util.js:16:23)
5 verbose stack     at Promise._settlePromiseFromHandler (C:\Users\Mijailovic\AppData\Roaming\npm\node_modules\npm\node_modules\bluebird\js\release\promise.js:514:35)
5 verbose stack     at Promise._settlePromise (C:\Users\Mijailovic\AppData\Roaming\npm\node_modules\npm\node_modules\bluebird\js\release\promise.js:574:18)
5 verbose stack     at Promise._settlePromise0 (C:\Users\Mijailovic\AppData\Roaming\npm\node_modules\npm\node_modules\bluebird\js\release\promise.js:619:10)
5 verbose stack     at Promise._settlePromises (C:\Users\Mijailovic\AppData\Roaming\npm\node_modules\npm\node_modules\bluebird\js\release\promise.js:699:18)
5 verbose stack     at Promise._fulfill (C:\Users\Mijailovic\AppData\Roaming\npm\node_modules\npm\node_modules\bluebird\js\release\promise.js:643:18)
5 verbose stack     at PromiseArray._resolve (C:\Users\Mijailovic\AppData\Roaming\npm\node_modules\npm\node_modules\bluebird\js\release\promise_array.js:126:19)
5 verbose stack     at PromiseArray._promiseFulfilled (C:\Users\Mijailovic\AppData\Roaming\npm\node_modules\npm\node_modules\bluebird\js\release\promise_array.js:144:14)
5 verbose stack     at PromiseArray._iterate (C:\Users\Mijailovic\AppData\Roaming\npm\node_modules\npm\node_modules\bluebird\js\release\promise_array.js:114:31)
5 verbose stack     at PromiseArray.init [as _init] (C:\Users\Mijailovic\AppData\Roaming\npm\node_modules\npm\node_modules\bluebird\js\release\promise_array.js:78:10)
5 verbose stack     at Promise._settlePromise (C:\Users\Mijailovic\AppData\Roaming\npm\node_modules\npm\node_modules\bluebird\js\release\promise.js:571:21)
5 verbose stack     at Promise._settlePromise0 (C:\Users\Mijailovic\AppData\Roaming\npm\node_modules\npm\node_modules\bluebird\js\release\promise.js:619:10)
5 verbose stack     at Promise._settlePromises (C:\Users\Mijailovic\AppData\Roaming\npm\node_modules\npm\node_modules\bluebird\js\release\promise.js:699:18)
5 verbose stack     at Promise._fulfill (C:\Users\Mijailovic\AppData\Roaming\npm\node_modules\npm\node_modules\bluebird\js\release\promise.js:643:18)
5 verbose stack     at PromiseArray._resolve (C:\Users\Mijailovic\AppData\Roaming\npm\node_modules\npm\node_modules\bluebird\js\release\promise_array.js:126:19)
6 verbose cwd C:\Users\Mijailovic\Desktop\reactApp\reactApp\reactapp
7 verbose Windows_NT 10.0.18363
8 verbose argv "C:\\Program Files\\nodejs\\node.exe" "C:\\Users\\Mijailovic\\AppData\\Roaming\\npm\\node_modules\\npm\\bin\\npm-cli.js" "audit" "fix"
9 verbose node v8.10.0
10 verbose npm  v6.14.5
11 error code EAUDITNOLOCK
12 error audit Neither npm-shrinkwrap.json nor package-lock.json found: Cannot audit a project without a lockfile
13 error audit Try creating one first with: npm i --package-lock-only
14 verbose exit [ 1, true ]
